<?xml version="1.0" encoding="UTF-8"?>
<testng-results ignored="0" total="6" passed="6" failed="0" skipped="0">
  <reporter-output>
  </reporter-output>
  <suite started-at="2025-07-20T12:12:53 GMT-07:00" name="PetSuite" finished-at="2025-07-20T12:13:06 GMT-07:00" duration-ms="13035">
    <groups>
    </groups>
    <test started-at="2025-07-20T12:12:53 GMT-07:00" name="PetTest" finished-at="2025-07-20T12:13:06 GMT-07:00" duration-ms="13035">
      <class name="api.test.DDTests">
        <test-method signature="testPostUser(java.lang.String,java.lang.String,java.lang.String,java.lang.String,java.lang.String,java.lang.String,java.lang.String)[pri:1, instance:api.test.DDTests@388526fb]" started-at="2025-07-20T12:12:55 GMT-07:00" name="testPostUser" data-provider="Data" finished-at="2025-07-20T12:13:00 GMT-07:00" duration-ms="5049" status="PASS">
          <params>
            <param index="0">
              <value>
                <![CDATA[1010]]>
              </value>
            </param>
            <param index="1">
              <value>
                <![CDATA[Ravi1]]>
              </value>
            </param>
            <param index="2">
              <value>
                <![CDATA[Avi1]]>
              </value>
            </param>
            <param index="3">
              <value>
                <![CDATA[Goel1]]>
              </value>
            </param>
            <param index="4">
              <value>
                <![CDATA[a@gmail.com]]>
              </value>
            </param>
            <param index="5">
              <value>
                <![CDATA[Ravi@1]]>
              </value>
            </param>
            <param index="6">
              <value>
                <![CDATA[1123456789]]>
              </value>
            </param>
          </params>
          <reporter-output>
          </reporter-output>
        </test-method> <!-- testPostUser -->
        <test-method signature="testPostUser(java.lang.String,java.lang.String,java.lang.String,java.lang.String,java.lang.String,java.lang.String,java.lang.String)[pri:1, instance:api.test.DDTests@388526fb]" started-at="2025-07-20T12:13:00 GMT-07:00" name="testPostUser" data-provider="Data" finished-at="2025-07-20T12:13:01 GMT-07:00" duration-ms="1244" status="PASS">
          <params>
            <param index="0">
              <value>
                <![CDATA[1020]]>
              </value>
            </param>
            <param index="1">
              <value>
                <![CDATA[Ravi2]]>
              </value>
            </param>
            <param index="2">
              <value>
                <![CDATA[Avi2]]>
              </value>
            </param>
            <param index="3">
              <value>
                <![CDATA[Goel2]]>
              </value>
            </param>
            <param index="4">
              <value>
                <![CDATA[b@gmail.com]]>
              </value>
            </param>
            <param index="5">
              <value>
                <![CDATA[Ravi@2]]>
              </value>
            </param>
            <param index="6">
              <value>
                <![CDATA[1223456789]]>
              </value>
            </param>
          </params>
          <reporter-output>
          </reporter-output>
        </test-method> <!-- testPostUser -->
        <test-method signature="testPostUser(java.lang.String,java.lang.String,java.lang.String,java.lang.String,java.lang.String,java.lang.String,java.lang.String)[pri:1, instance:api.test.DDTests@388526fb]" started-at="2025-07-20T12:13:01 GMT-07:00" name="testPostUser" data-provider="Data" finished-at="2025-07-20T12:13:02 GMT-07:00" duration-ms="1258" status="PASS">
          <params>
            <param index="0">
              <value>
                <![CDATA[1030]]>
              </value>
            </param>
            <param index="1">
              <value>
                <![CDATA[Ravi3]]>
              </value>
            </param>
            <param index="2">
              <value>
                <![CDATA[Avi3]]>
              </value>
            </param>
            <param index="3">
              <value>
                <![CDATA[Goel3]]>
              </value>
            </param>
            <param index="4">
              <value>
                <![CDATA[c@gmail.com]]>
              </value>
            </param>
            <param index="5">
              <value>
                <![CDATA[Ravi@3]]>
              </value>
            </param>
            <param index="6">
              <value>
                <![CDATA[1233456789]]>
              </value>
            </param>
          </params>
          <reporter-output>
          </reporter-output>
        </test-method> <!-- testPostUser -->
        <test-method signature="testDeleteUserByUserName(java.lang.String)[pri:2, instance:api.test.DDTests@388526fb]" started-at="2025-07-20T12:13:02 GMT-07:00" name="testDeleteUserByUserName" data-provider="UserNames" finished-at="2025-07-20T12:13:04 GMT-07:00" duration-ms="1356" status="PASS">
          <params>
            <param index="0">
              <value>
                <![CDATA[Ravi1]]>
              </value>
            </param>
          </params>
          <reporter-output>
          </reporter-output>
        </test-method> <!-- testDeleteUserByUserName -->
        <test-method signature="testDeleteUserByUserName(java.lang.String)[pri:2, instance:api.test.DDTests@388526fb]" started-at="2025-07-20T12:13:04 GMT-07:00" name="testDeleteUserByUserName" data-provider="UserNames" finished-at="2025-07-20T12:13:05 GMT-07:00" duration-ms="1266" status="PASS">
          <params>
            <param index="0">
              <value>
                <![CDATA[Ravi2]]>
              </value>
            </param>
          </params>
          <reporter-output>
          </reporter-output>
        </test-method> <!-- testDeleteUserByUserName -->
        <test-method signature="testDeleteUserByUserName(java.lang.String)[pri:2, instance:api.test.DDTests@388526fb]" started-at="2025-07-20T12:13:05 GMT-07:00" name="testDeleteUserByUserName" data-provider="UserNames" finished-at="2025-07-20T12:13:06 GMT-07:00" duration-ms="1272" status="PASS">
          <params>
            <param index="0">
              <value>
                <![CDATA[Ravi3]]>
              </value>
            </param>
          </params>
          <reporter-output>
          </reporter-output>
        </test-method> <!-- testDeleteUserByUserName -->
      </class> <!-- api.test.DDTests -->
    </test> <!-- PetTest -->
  </suite> <!-- PetSuite -->
</testng-results>
